<?xml version="1.0" encoding="UTF-8" ?>
<testsuite failures="0" time="0.005" errors="0" skipped="0" tests="1" name="datanucleusTutorial.core.AppTest">
  <properties>
    <property name="java.runtime.name" value="OpenJDK Runtime Environment"/>
    <property name="sun.boot.library.path" value="/usr/lib/jvm/java-6-openjdk/jre/lib/i386"/>
    <property name="java.vm.version" value="17.0-b16"/>
    <property name="java.vm.vendor" value="Sun Microsystems Inc."/>
    <property name="java.vendor.url" value="http://java.sun.com/"/>
    <property name="path.separator" value=":"/>
    <property name="java.vm.name" value="OpenJDK Server VM"/>
    <property name="file.encoding.pkg" value="sun.io"/>
    <property name="user.country" value="FR"/>
    <property name="sun.java.launcher" value="SUN_STANDARD"/>
    <property name="sun.os.patch.level" value="unknown"/>
    <property name="java.vm.specification.name" value="Java Virtual Machine Specification"/>
    <property name="user.dir" value="/home/mmedarhri/workspace/Auditorium_Maven"/>
    <property name="java.runtime.version" value="1.6.0_20-b20"/>
    <property name="java.awt.graphicsenv" value="sun.awt.X11GraphicsEnvironment"/>
    <property name="basedir" value="/home/mmedarhri/workspace/Auditorium_Maven"/>
    <property name="java.endorsed.dirs" value="/usr/lib/jvm/java-6-openjdk/jre/lib/endorsed"/>
    <property name="os.arch" value="i386"/>
    <property name="surefire.real.class.path" value="/tmp/surefirebooter5707026627192540497.jar"/>
    <property name="java.io.tmpdir" value="/tmp"/>
    <property name="line.separator" value="
"/>
    <property name="java.vm.specification.vendor" value="Sun Microsystems Inc."/>
    <property name="os.name" value="Linux"/>
    <property name="sun.jnu.encoding" value="UTF-8"/>
    <property name="java.library.path" value="/usr/lib/jvm/java-6-openjdk/jre/lib/i386/server:/usr/lib/jvm/java-6-openjdk/jre/lib/i386:/usr/lib/jvm/java-6-openjdk/jre/../lib/i386:/usr/lib/jvm/java-6-openjdk/jre/lib/i386/client:/usr/lib/jvm/java-6-openjdk/jre/lib/i386:/usr/lib/xulrunner-addons:/usr/lib/xulrunner-addons:/usr/java/packages/lib/i386:/usr/lib/jni:/lib:/usr/lib"/>
    <property name="surefire.test.class.path" value="/home/mmedarhri/workspace/Auditorium_Maven/target/test-classes:/home/mmedarhri/workspace/Auditorium_Maven/target/classes:/home/mmedarhri/.m2/repository/junit/junit/3.8.1/junit-3.8.1.jar:/home/mmedarhri/.m2/repository/org/datanucleus/maven-datanucleus-plugin/2.2.0-release/maven-datanucleus-plugin-2.2.0-release.jar:/home/mmedarhri/.m2/repository/org/datanucleus/datanucleus-core/2.2.0-release/datanucleus-core-2.2.0-release.jar:/home/mmedarhri/.m2/repository/org/datanucleus/datanucleus-enhancer/2.1.3/datanucleus-enhancer-2.1.3.jar:/home/mmedarhri/.m2/repository/asm/asm/3.3/asm-3.3.jar:/home/mmedarhri/.m2/repository/org/codehaus/plexus/plexus-utils/1.2/plexus-utils-1.2.jar:/home/mmedarhri/.m2/repository/org/apache/maven/maven-artifact/2.0/maven-artifact-2.0.jar:/home/mmedarhri/.m2/repository/org/apache/maven/maven-plugin-api/2.0/maven-plugin-api-2.0.jar:/home/mmedarhri/.m2/repository/org/codehaus/plexus/plexus-container-default/1.0-alpha-9/plexus-container-default-1.0-alpha-9.jar:/home/mmedarhri/.m2/repository/classworlds/classworlds/1.1-alpha-2/classworlds-1.1-alpha-2.jar:/home/mmedarhri/.m2/repository/org/apache/maven/plugins/maven-install-plugin/2.3/maven-install-plugin-2.3.jar:/home/mmedarhri/.m2/repository/org/apache/maven/maven-project/2.0.6/maven-project-2.0.6.jar:/home/mmedarhri/.m2/repository/org/apache/maven/maven-settings/2.0.6/maven-settings-2.0.6.jar:/home/mmedarhri/.m2/repository/org/apache/maven/maven-profile/2.0.6/maven-profile-2.0.6.jar:/home/mmedarhri/.m2/repository/org/apache/maven/maven-plugin-registry/2.0.6/maven-plugin-registry-2.0.6.jar:/home/mmedarhri/.m2/repository/org/apache/maven/maven-model/2.0.6/maven-model-2.0.6.jar:/home/mmedarhri/.m2/repository/org/apache/maven/maven-artifact-manager/2.0.6/maven-artifact-manager-2.0.6.jar:/home/mmedarhri/.m2/repository/org/apache/maven/maven-repository-metadata/2.0.6/maven-repository-metadata-2.0.6.jar:/home/mmedarhri/.m2/repository/org/apache/maven/wagon/wagon-provider-api/1.0-beta-2/wagon-provider-api-1.0-beta-2.jar:/home/mmedarhri/.m2/repository/org/codehaus/plexus/plexus-digest/1.0/plexus-digest-1.0.jar:/home/mmedarhri/.m2/repository/org/apache/maven/plugins/maven-clean-plugin/2.3/maven-clean-plugin-2.3.jar:/home/mmedarhri/.m2/repository/org/apache/maven/shared/file-management/1.2.1/file-management-1.2.1.jar:/home/mmedarhri/.m2/repository/org/apache/maven/shared/maven-shared-io/1.1/maven-shared-io-1.1.jar:/home/mmedarhri/workspace/Auditorium_Maven/lib/jdo2-api-2.3-eb.jar:/home/mmedarhri/workspace/Auditorium_Maven/lib/hadoop-0.20.2-core.jar:/home/mmedarhri/workspace/Auditorium_Maven/lib/hbase-0.20.6.jar:/home/mmedarhri/workspace/Auditorium_Maven/lib/zookeeper-3.2.2.jar:/home/mmedarhri/workspace/Auditorium_Maven/lib/log4j-1.2.15.jar:/home/mmedarhri/workspace/Auditorium_Maven/lib/datanucleus-hbase-2.0.0-release.jar:/home/mmedarhri/.m2/repository/org/datanucleus/datanucleus-rdbms/2.2.0-release/datanucleus-rdbms-2.2.0-release.jar:/home/mmedarhri/.m2/repository/log4j/log4j/1.2.16/log4j-1.2.16.jar:/home/mmedarhri/.m2/repository/javax/jdo/jdo-api/3.0/jdo-api-3.0.jar:/home/mmedarhri/.m2/repository/javax/transaction/transaction-api/1.1/transaction-api-1.1.jar:/home/mmedarhri/.m2/repository/hsqldb/hsqldb/1.8.0.4/hsqldb-1.8.0.4.jar:/home/mmedarhri/.m2/repository/org/mod4j/org/apache/commons/logging/1.0.4/logging-1.0.4.jar:/home/mmedarhri/.m2/repository/org/apache/hadoop/hadoop-tools/0.20.2/hadoop-tools-0.20.2.jar:/home/mmedarhri/.m2/repository/javax/mail/mail/1.4.1/mail-1.4.1.jar:/home/mmedarhri/.m2/repository/javax/activation/activation/1.1/activation-1.1.jar:"/>
    <property name="java.specification.name" value="Java Platform API Specification"/>
    <property name="java.class.version" value="50.0"/>
    <property name="sun.management.compiler" value="HotSpot Tiered Compilers"/>
    <property name="os.version" value="2.6.35-22-generic"/>
    <property name="user.home" value="/home/mmedarhri"/>
    <property name="user.timezone" value=""/>
    <property name="java.awt.printerjob" value="sun.print.PSPrinterJob"/>
    <property name="file.encoding" value="UTF-8"/>
    <property name="java.specification.version" value="1.6"/>
    <property name="user.name" value="mmedarhri"/>
    <property name="java.class.path" value="/home/mmedarhri/workspace/Auditorium_Maven/target/test-classes:/home/mmedarhri/workspace/Auditorium_Maven/target/classes:/home/mmedarhri/.m2/repository/junit/junit/3.8.1/junit-3.8.1.jar:/home/mmedarhri/.m2/repository/org/datanucleus/maven-datanucleus-plugin/2.2.0-release/maven-datanucleus-plugin-2.2.0-release.jar:/home/mmedarhri/.m2/repository/org/datanucleus/datanucleus-core/2.2.0-release/datanucleus-core-2.2.0-release.jar:/home/mmedarhri/.m2/repository/org/datanucleus/datanucleus-enhancer/2.1.3/datanucleus-enhancer-2.1.3.jar:/home/mmedarhri/.m2/repository/asm/asm/3.3/asm-3.3.jar:/home/mmedarhri/.m2/repository/org/codehaus/plexus/plexus-utils/1.2/plexus-utils-1.2.jar:/home/mmedarhri/.m2/repository/org/apache/maven/maven-artifact/2.0/maven-artifact-2.0.jar:/home/mmedarhri/.m2/repository/org/apache/maven/maven-plugin-api/2.0/maven-plugin-api-2.0.jar:/home/mmedarhri/.m2/repository/org/codehaus/plexus/plexus-container-default/1.0-alpha-9/plexus-container-default-1.0-alpha-9.jar:/home/mmedarhri/.m2/repository/classworlds/classworlds/1.1-alpha-2/classworlds-1.1-alpha-2.jar:/home/mmedarhri/.m2/repository/org/apache/maven/plugins/maven-install-plugin/2.3/maven-install-plugin-2.3.jar:/home/mmedarhri/.m2/repository/org/apache/maven/maven-project/2.0.6/maven-project-2.0.6.jar:/home/mmedarhri/.m2/repository/org/apache/maven/maven-settings/2.0.6/maven-settings-2.0.6.jar:/home/mmedarhri/.m2/repository/org/apache/maven/maven-profile/2.0.6/maven-profile-2.0.6.jar:/home/mmedarhri/.m2/repository/org/apache/maven/maven-plugin-registry/2.0.6/maven-plugin-registry-2.0.6.jar:/home/mmedarhri/.m2/repository/org/apache/maven/maven-model/2.0.6/maven-model-2.0.6.jar:/home/mmedarhri/.m2/repository/org/apache/maven/maven-artifact-manager/2.0.6/maven-artifact-manager-2.0.6.jar:/home/mmedarhri/.m2/repository/org/apache/maven/maven-repository-metadata/2.0.6/maven-repository-metadata-2.0.6.jar:/home/mmedarhri/.m2/repository/org/apache/maven/wagon/wagon-provider-api/1.0-beta-2/wagon-provider-api-1.0-beta-2.jar:/home/mmedarhri/.m2/repository/org/codehaus/plexus/plexus-digest/1.0/plexus-digest-1.0.jar:/home/mmedarhri/.m2/repository/org/apache/maven/plugins/maven-clean-plugin/2.3/maven-clean-plugin-2.3.jar:/home/mmedarhri/.m2/repository/org/apache/maven/shared/file-management/1.2.1/file-management-1.2.1.jar:/home/mmedarhri/.m2/repository/org/apache/maven/shared/maven-shared-io/1.1/maven-shared-io-1.1.jar:/home/mmedarhri/workspace/Auditorium_Maven/lib/jdo2-api-2.3-eb.jar:/home/mmedarhri/workspace/Auditorium_Maven/lib/hadoop-0.20.2-core.jar:/home/mmedarhri/workspace/Auditorium_Maven/lib/hbase-0.20.6.jar:/home/mmedarhri/workspace/Auditorium_Maven/lib/zookeeper-3.2.2.jar:/home/mmedarhri/workspace/Auditorium_Maven/lib/log4j-1.2.15.jar:/home/mmedarhri/workspace/Auditorium_Maven/lib/datanucleus-hbase-2.0.0-release.jar:/home/mmedarhri/.m2/repository/org/datanucleus/datanucleus-rdbms/2.2.0-release/datanucleus-rdbms-2.2.0-release.jar:/home/mmedarhri/.m2/repository/log4j/log4j/1.2.16/log4j-1.2.16.jar:/home/mmedarhri/.m2/repository/javax/jdo/jdo-api/3.0/jdo-api-3.0.jar:/home/mmedarhri/.m2/repository/javax/transaction/transaction-api/1.1/transaction-api-1.1.jar:/home/mmedarhri/.m2/repository/hsqldb/hsqldb/1.8.0.4/hsqldb-1.8.0.4.jar:/home/mmedarhri/.m2/repository/org/mod4j/org/apache/commons/logging/1.0.4/logging-1.0.4.jar:/home/mmedarhri/.m2/repository/org/apache/hadoop/hadoop-tools/0.20.2/hadoop-tools-0.20.2.jar:/home/mmedarhri/.m2/repository/javax/mail/mail/1.4.1/mail-1.4.1.jar:/home/mmedarhri/.m2/repository/javax/activation/activation/1.1/activation-1.1.jar:"/>
    <property name="java.vm.specification.version" value="1.0"/>
    <property name="sun.arch.data.model" value="32"/>
    <property name="java.home" value="/usr/lib/jvm/java-6-openjdk/jre"/>
    <property name="java.specification.vendor" value="Sun Microsystems Inc."/>
    <property name="user.language" value="fr"/>
    <property name="java.vm.info" value="mixed mode"/>
    <property name="java.version" value="1.6.0_20"/>
    <property name="java.ext.dirs" value="/usr/lib/jvm/java-6-openjdk/jre/lib/ext:/usr/java/packages/lib/ext"/>
    <property name="sun.boot.class.path" value="/usr/lib/jvm/java-6-openjdk/jre/lib/resources.jar:/usr/lib/jvm/java-6-openjdk/jre/lib/rt.jar:/usr/lib/jvm/java-6-openjdk/jre/lib/sunrsasign.jar:/usr/lib/jvm/java-6-openjdk/jre/lib/jsse.jar:/usr/lib/jvm/java-6-openjdk/jre/lib/jce.jar:/usr/lib/jvm/java-6-openjdk/jre/lib/charsets.jar:/usr/lib/jvm/java-6-openjdk/jre/lib/netx.jar:/usr/lib/jvm/java-6-openjdk/jre/lib/plugin.jar:/usr/lib/jvm/java-6-openjdk/jre/lib/rhino.jar:/usr/lib/jvm/java-6-openjdk/jre/classes"/>
    <property name="java.vendor" value="Sun Microsystems Inc."/>
    <property name="localRepository" value="/home/mmedarhri/.m2/repository"/>
    <property name="file.separator" value="/"/>
    <property name="java.vendor.url.bug" value="http://java.sun.com/cgi-bin/bugreport.cgi"/>
    <property name="sun.cpu.endian" value="little"/>
    <property name="sun.io.unicode.encoding" value="UnicodeLittle"/>
    <property name="sun.desktop" value="gnome"/>
    <property name="sun.cpu.isalist" value=""/>
  </properties>
  <testcase time="0" classname="datanucleusTutorial.core.AppTest" name="testApp"/>
</testsuite>