<?xml version="1.0" encoding="UTF-8" ?>
<testsuite failures="0" time="0.086" errors="0" skipped="0" tests="1" name="core.AppTest">
  <properties>
    <property name="java.runtime.name" value="OpenJDK Runtime Environment"/>
    <property name="sun.boot.library.path" value="/usr/lib/jvm/java-6-openjdk/jre/lib/i386"/>
    <property name="java.vm.version" value="19.0-b09"/>
    <property name="java.vm.vendor" value="Sun Microsystems Inc."/>
    <property name="java.vendor.url" value="http://java.sun.com/"/>
    <property name="path.separator" value=":"/>
    <property name="java.vm.name" value="OpenJDK Server VM"/>
    <property name="file.encoding.pkg" value="sun.io"/>
    <property name="user.country" value="FR"/>
    <property name="sun.java.launcher" value="SUN_STANDARD"/>
    <property name="sun.os.patch.level" value="unknown"/>
    <property name="java.vm.specification.name" value="Java Virtual Machine Specification"/>
    <property name="user.dir" value="/home/diane/projet3A/Auditorium_Model"/>
    <property name="java.runtime.version" value="1.6.0_20-b20"/>
    <property name="java.awt.graphicsenv" value="sun.awt.X11GraphicsEnvironment"/>
    <property name="basedir" value="/home/diane/projet3A/Auditorium_Model"/>
    <property name="java.endorsed.dirs" value="/usr/lib/jvm/java-6-openjdk/jre/lib/endorsed"/>
    <property name="os.arch" value="i386"/>
    <property name="surefire.real.class.path" value="/tmp/surefirebooter420448683660755985.jar"/>
    <property name="java.io.tmpdir" value="/tmp"/>
    <property name="line.separator" value="
"/>
    <property name="java.vm.specification.vendor" value="Sun Microsystems Inc."/>
    <property name="os.name" value="Linux"/>
    <property name="sun.jnu.encoding" value="UTF-8"/>
    <property name="java.library.path" value="/usr/lib/jvm/java-6-openjdk/jre/lib/i386/server:/usr/lib/jvm/java-6-openjdk/jre/lib/i386:/usr/lib/jvm/java-6-openjdk/jre/../lib/i386:/usr/lib/jvm/java-6-sun-1.6.0.22/jre/lib/i386/client:/usr/lib/jvm/java-6-sun-1.6.0.22/jre/lib/i386:/usr/lib/xulrunner-addons:/usr/lib/xulrunner-addons:/usr/java/packages/lib/i386:/usr/lib/jni:/lib:/usr/lib"/>
    <property name="surefire.test.class.path" value="/home/diane/projet3A/Auditorium_Model/target/test-classes:/home/diane/projet3A/Auditorium_Model/target/classes:/home/diane/.m2/repository/junit/junit/3.8.1/junit-3.8.1.jar:/home/diane/.m2/repository/org/apache/maven/plugins/maven-install-plugin/2.3/maven-install-plugin-2.3.jar:/home/diane/.m2/repository/org/apache/maven/maven-plugin-api/2.0.6/maven-plugin-api-2.0.6.jar:/home/diane/.m2/repository/org/apache/maven/maven-project/2.0.6/maven-project-2.0.6.jar:/home/diane/.m2/repository/org/apache/maven/maven-settings/2.0.6/maven-settings-2.0.6.jar:/home/diane/.m2/repository/org/apache/maven/maven-model/2.0.6/maven-model-2.0.6.jar:/home/diane/.m2/repository/org/codehaus/plexus/plexus-utils/1.5.6/plexus-utils-1.5.6.jar:/home/diane/.m2/repository/org/codehaus/plexus/plexus-container-default/1.0-alpha-9-stable-1/plexus-container-default-1.0-alpha-9-stable-1.jar:/home/diane/.m2/repository/classworlds/classworlds/1.1-alpha-2/classworlds-1.1-alpha-2.jar:/home/diane/.m2/repository/org/apache/maven/maven-profile/2.0.6/maven-profile-2.0.6.jar:/home/diane/.m2/repository/org/apache/maven/maven-artifact-manager/2.0.6/maven-artifact-manager-2.0.6.jar:/home/diane/.m2/repository/org/apache/maven/maven-repository-metadata/2.0.6/maven-repository-metadata-2.0.6.jar:/home/diane/.m2/repository/org/apache/maven/maven-artifact/2.0.6/maven-artifact-2.0.6.jar:/home/diane/.m2/repository/org/apache/maven/wagon/wagon-provider-api/1.0-beta-2/wagon-provider-api-1.0-beta-2.jar:/home/diane/.m2/repository/org/apache/maven/maven-plugin-registry/2.0.6/maven-plugin-registry-2.0.6.jar:/home/diane/.m2/repository/org/codehaus/plexus/plexus-digest/1.0/plexus-digest-1.0.jar:/home/diane/.m2/repository/org/apache/maven/plugins/maven-clean-plugin/2.3/maven-clean-plugin-2.3.jar:/home/diane/.m2/repository/org/apache/maven/shared/file-management/1.2.1/file-management-1.2.1.jar:/home/diane/.m2/repository/org/apache/maven/shared/maven-shared-io/1.1/maven-shared-io-1.1.jar:/home/diane/.m2/repository/log4j/log4j/1.2.16/log4j-1.2.16.jar:/home/diane/.m2/repository/hsqldb/hsqldb/1.8.0.4/hsqldb-1.8.0.4.jar:/home/diane/projet3A/Auditorium_Model/lib/zookeeper-3.2.2.jar:/home/diane/projet3A/Auditorium_Model/lib/log4j-1.2.15.jar:/home/diane/.m2/repository/org/mod4j/org/apache/commons/logging/1.0.4/logging-1.0.4.jar:/home/diane/.m2/repository/org/apache/hadoop/hadoop-tools/0.20.2/hadoop-tools-0.20.2.jar:/home/diane/.m2/repository/org/apache/hadoop/hadoop-core/0.20.2/hadoop-core-0.20.2.jar:/home/diane/.m2/repository/commons-cli/commons-cli/1.2/commons-cli-1.2.jar:/home/diane/.m2/repository/xmlenc/xmlenc/0.52/xmlenc-0.52.jar:/home/diane/.m2/repository/commons-httpclient/commons-httpclient/3.0.1/commons-httpclient-3.0.1.jar:/home/diane/.m2/repository/commons-logging/commons-logging/1.0.3/commons-logging-1.0.3.jar:/home/diane/.m2/repository/commons-codec/commons-codec/1.3/commons-codec-1.3.jar:/home/diane/.m2/repository/commons-net/commons-net/1.4.1/commons-net-1.4.1.jar:/home/diane/.m2/repository/oro/oro/2.0.8/oro-2.0.8.jar:/home/diane/.m2/repository/org/mortbay/jetty/jetty/6.1.14/jetty-6.1.14.jar:/home/diane/.m2/repository/org/mortbay/jetty/jetty-util/6.1.14/jetty-util-6.1.14.jar:/home/diane/.m2/repository/org/mortbay/jetty/servlet-api-2.5/6.1.14/servlet-api-2.5-6.1.14.jar:/home/diane/.m2/repository/tomcat/jasper-runtime/5.5.12/jasper-runtime-5.5.12.jar:/home/diane/.m2/repository/tomcat/jasper-compiler/5.5.12/jasper-compiler-5.5.12.jar:/home/diane/.m2/repository/org/mortbay/jetty/jsp-api-2.1/6.1.14/jsp-api-2.1-6.1.14.jar:/home/diane/.m2/repository/org/mortbay/jetty/jsp-2.1/6.1.14/jsp-2.1-6.1.14.jar:/home/diane/.m2/repository/org/eclipse/jdt/core/3.1.1/core-3.1.1.jar:/home/diane/.m2/repository/ant/ant/1.6.5/ant-1.6.5.jar:/home/diane/.m2/repository/commons-el/commons-el/1.0/commons-el-1.0.jar:/home/diane/.m2/repository/net/java/dev/jets3t/jets3t/0.7.1/jets3t-0.7.1.jar:/home/diane/.m2/repository/net/sf/kosmosfs/kfs/0.3/kfs-0.3.jar:/home/diane/.m2/repository/javax/mail/mail/1.4.1/mail-1.4.1.jar:/home/diane/.m2/repository/javax/activation/activation/1.1/activation-1.1.jar:/home/diane/.m2/repository/net/sourceforge/jexcelapi/jxl/2.6/jxl-2.6.jar:/home/diane/.m2/repository/commons-beanutils/commons-beanutils/20030211.134440/commons-beanutils-20030211.134440.jar:/home/diane/.m2/repository/commons-pool/commons-pool/20030825.183949/commons-pool-20030825.183949.jar:"/>
    <property name="java.specification.name" value="Java Platform API Specification"/>
    <property name="java.class.version" value="50.0"/>
    <property name="sun.management.compiler" value="HotSpot Tiered Compilers"/>
    <property name="os.version" value="2.6.32-26-generic"/>
    <property name="user.home" value="/home/diane"/>
    <property name="user.timezone" value=""/>
    <property name="java.awt.printerjob" value="sun.print.PSPrinterJob"/>
    <property name="file.encoding" value="UTF-8"/>
    <property name="java.specification.version" value="1.6"/>
    <property name="user.name" value="diane"/>
    <property name="java.class.path" value="/home/diane/projet3A/Auditorium_Model/target/test-classes:/home/diane/projet3A/Auditorium_Model/target/classes:/home/diane/.m2/repository/junit/junit/3.8.1/junit-3.8.1.jar:/home/diane/.m2/repository/org/apache/maven/plugins/maven-install-plugin/2.3/maven-install-plugin-2.3.jar:/home/diane/.m2/repository/org/apache/maven/maven-plugin-api/2.0.6/maven-plugin-api-2.0.6.jar:/home/diane/.m2/repository/org/apache/maven/maven-project/2.0.6/maven-project-2.0.6.jar:/home/diane/.m2/repository/org/apache/maven/maven-settings/2.0.6/maven-settings-2.0.6.jar:/home/diane/.m2/repository/org/apache/maven/maven-model/2.0.6/maven-model-2.0.6.jar:/home/diane/.m2/repository/org/codehaus/plexus/plexus-utils/1.5.6/plexus-utils-1.5.6.jar:/home/diane/.m2/repository/org/codehaus/plexus/plexus-container-default/1.0-alpha-9-stable-1/plexus-container-default-1.0-alpha-9-stable-1.jar:/home/diane/.m2/repository/classworlds/classworlds/1.1-alpha-2/classworlds-1.1-alpha-2.jar:/home/diane/.m2/repository/org/apache/maven/maven-profile/2.0.6/maven-profile-2.0.6.jar:/home/diane/.m2/repository/org/apache/maven/maven-artifact-manager/2.0.6/maven-artifact-manager-2.0.6.jar:/home/diane/.m2/repository/org/apache/maven/maven-repository-metadata/2.0.6/maven-repository-metadata-2.0.6.jar:/home/diane/.m2/repository/org/apache/maven/maven-artifact/2.0.6/maven-artifact-2.0.6.jar:/home/diane/.m2/repository/org/apache/maven/wagon/wagon-provider-api/1.0-beta-2/wagon-provider-api-1.0-beta-2.jar:/home/diane/.m2/repository/org/apache/maven/maven-plugin-registry/2.0.6/maven-plugin-registry-2.0.6.jar:/home/diane/.m2/repository/org/codehaus/plexus/plexus-digest/1.0/plexus-digest-1.0.jar:/home/diane/.m2/repository/org/apache/maven/plugins/maven-clean-plugin/2.3/maven-clean-plugin-2.3.jar:/home/diane/.m2/repository/org/apache/maven/shared/file-management/1.2.1/file-management-1.2.1.jar:/home/diane/.m2/repository/org/apache/maven/shared/maven-shared-io/1.1/maven-shared-io-1.1.jar:/home/diane/.m2/repository/log4j/log4j/1.2.16/log4j-1.2.16.jar:/home/diane/.m2/repository/hsqldb/hsqldb/1.8.0.4/hsqldb-1.8.0.4.jar:/home/diane/projet3A/Auditorium_Model/lib/zookeeper-3.2.2.jar:/home/diane/projet3A/Auditorium_Model/lib/log4j-1.2.15.jar:/home/diane/.m2/repository/org/mod4j/org/apache/commons/logging/1.0.4/logging-1.0.4.jar:/home/diane/.m2/repository/org/apache/hadoop/hadoop-tools/0.20.2/hadoop-tools-0.20.2.jar:/home/diane/.m2/repository/org/apache/hadoop/hadoop-core/0.20.2/hadoop-core-0.20.2.jar:/home/diane/.m2/repository/commons-cli/commons-cli/1.2/commons-cli-1.2.jar:/home/diane/.m2/repository/xmlenc/xmlenc/0.52/xmlenc-0.52.jar:/home/diane/.m2/repository/commons-httpclient/commons-httpclient/3.0.1/commons-httpclient-3.0.1.jar:/home/diane/.m2/repository/commons-logging/commons-logging/1.0.3/commons-logging-1.0.3.jar:/home/diane/.m2/repository/commons-codec/commons-codec/1.3/commons-codec-1.3.jar:/home/diane/.m2/repository/commons-net/commons-net/1.4.1/commons-net-1.4.1.jar:/home/diane/.m2/repository/oro/oro/2.0.8/oro-2.0.8.jar:/home/diane/.m2/repository/org/mortbay/jetty/jetty/6.1.14/jetty-6.1.14.jar:/home/diane/.m2/repository/org/mortbay/jetty/jetty-util/6.1.14/jetty-util-6.1.14.jar:/home/diane/.m2/repository/org/mortbay/jetty/servlet-api-2.5/6.1.14/servlet-api-2.5-6.1.14.jar:/home/diane/.m2/repository/tomcat/jasper-runtime/5.5.12/jasper-runtime-5.5.12.jar:/home/diane/.m2/repository/tomcat/jasper-compiler/5.5.12/jasper-compiler-5.5.12.jar:/home/diane/.m2/repository/org/mortbay/jetty/jsp-api-2.1/6.1.14/jsp-api-2.1-6.1.14.jar:/home/diane/.m2/repository/org/mortbay/jetty/jsp-2.1/6.1.14/jsp-2.1-6.1.14.jar:/home/diane/.m2/repository/org/eclipse/jdt/core/3.1.1/core-3.1.1.jar:/home/diane/.m2/repository/ant/ant/1.6.5/ant-1.6.5.jar:/home/diane/.m2/repository/commons-el/commons-el/1.0/commons-el-1.0.jar:/home/diane/.m2/repository/net/java/dev/jets3t/jets3t/0.7.1/jets3t-0.7.1.jar:/home/diane/.m2/repository/net/sf/kosmosfs/kfs/0.3/kfs-0.3.jar:/home/diane/.m2/repository/javax/mail/mail/1.4.1/mail-1.4.1.jar:/home/diane/.m2/repository/javax/activation/activation/1.1/activation-1.1.jar:/home/diane/.m2/repository/net/sourceforge/jexcelapi/jxl/2.6/jxl-2.6.jar:/home/diane/.m2/repository/commons-beanutils/commons-beanutils/20030211.134440/commons-beanutils-20030211.134440.jar:/home/diane/.m2/repository/commons-pool/commons-pool/20030825.183949/commons-pool-20030825.183949.jar:"/>
    <property name="java.vm.specification.version" value="1.0"/>
    <property name="sun.arch.data.model" value="32"/>
    <property name="java.home" value="/usr/lib/jvm/java-6-openjdk/jre"/>
    <property name="java.specification.vendor" value="Sun Microsystems Inc."/>
    <property name="user.language" value="fr"/>
    <property name="java.vm.info" value="mixed mode"/>
    <property name="java.version" value="1.6.0_20"/>
    <property name="java.ext.dirs" value="/usr/lib/jvm/java-6-openjdk/jre/lib/ext:/usr/java/packages/lib/ext"/>
    <property name="sun.boot.class.path" value="/usr/lib/jvm/java-6-openjdk/jre/lib/resources.jar:/usr/lib/jvm/java-6-openjdk/jre/lib/rt.jar:/usr/lib/jvm/java-6-openjdk/jre/lib/sunrsasign.jar:/usr/lib/jvm/java-6-openjdk/jre/lib/jsse.jar:/usr/lib/jvm/java-6-openjdk/jre/lib/jce.jar:/usr/lib/jvm/java-6-openjdk/jre/lib/charsets.jar:/usr/lib/jvm/java-6-openjdk/jre/lib/netx.jar:/usr/lib/jvm/java-6-openjdk/jre/lib/plugin.jar:/usr/lib/jvm/java-6-openjdk/jre/lib/rhino.jar:/usr/lib/jvm/java-6-openjdk/jre/lib/modules/jdk.boot.jar:/usr/lib/jvm/java-6-openjdk/jre/classes"/>
    <property name="java.vendor" value="Sun Microsystems Inc."/>
    <property name="localRepository" value="/home/diane/.m2/repository"/>
    <property name="file.separator" value="/"/>
    <property name="java.vendor.url.bug" value="http://java.sun.com/cgi-bin/bugreport.cgi"/>
    <property name="sun.cpu.endian" value="little"/>
    <property name="sun.io.unicode.encoding" value="UnicodeLittle"/>
    <property name="sun.desktop" value="gnome"/>
    <property name="sun.cpu.isalist" value=""/>
  </properties>
  <testcase time="0.013" classname="core.AppTest" name="testApp"/>
</testsuite>